10 Mar 2024 21:49:15,286 INFO  org.example.CarsDBRepository 19 <init> - Initializing CarsDBRepository with properties: {} 
10 Mar 2024 21:49:15,292 TRACE org.example.CarsDBRepository 124 findAll - Enter
10 Mar 2024 21:49:15,292 TRACE org.example.JdbcUtils 48 getConnection - Enter
10 Mar 2024 21:49:15,293 TRACE org.example.JdbcUtils 25 getNewConnection - Enter
10 Mar 2024 21:49:15,293 INFO  org.example.JdbcUtils 30 getNewConnection - trying to connect to database ... null
10 Mar 2024 21:49:15,293 INFO  org.example.JdbcUtils 31 getNewConnection - user: null
10 Mar 2024 21:49:15,294 INFO  org.example.JdbcUtils 32 getNewConnection - pass: null
10 Mar 2024 21:49:15,297 ERROR org.example.JdbcUtils 41 getNewConnection - java.sql.SQLException: The url cannot be null
10 Mar 2024 21:49:15,298 TRACE org.example.JdbcUtils 57 getConnection - Exit
10 Mar 2024 21:49:32,911 INFO  org.example.CarsDBRepository 19 <init> - Initializing CarsDBRepository with properties: {} 
10 Mar 2024 21:49:32,917 TRACE org.example.CarsDBRepository 124 findAll - Enter
10 Mar 2024 21:49:32,917 TRACE org.example.JdbcUtils 48 getConnection - Enter
10 Mar 2024 21:49:32,917 TRACE org.example.JdbcUtils 25 getNewConnection - Enter
10 Mar 2024 21:49:32,918 INFO  org.example.JdbcUtils 30 getNewConnection - trying to connect to database ... null
10 Mar 2024 21:49:32,918 INFO  org.example.JdbcUtils 31 getNewConnection - user: null
10 Mar 2024 21:49:32,918 INFO  org.example.JdbcUtils 32 getNewConnection - pass: null
10 Mar 2024 21:49:32,921 ERROR org.example.JdbcUtils 41 getNewConnection - java.sql.SQLException: The url cannot be null
10 Mar 2024 21:49:32,922 TRACE org.example.JdbcUtils 57 getConnection - Exit
10 Mar 2024 21:52:48,193 INFO  org.example.CarsDBRepository 19 <init> - Initializing CarsDBRepository with properties: {} 
10 Mar 2024 21:52:48,198 TRACE org.example.CarsDBRepository 124 findAll - Enter
10 Mar 2024 21:52:48,199 TRACE org.example.JdbcUtils 48 getConnection - Enter
10 Mar 2024 21:52:48,199 TRACE org.example.JdbcUtils 25 getNewConnection - Enter
10 Mar 2024 21:52:48,199 INFO  org.example.JdbcUtils 30 getNewConnection - trying to connect to database ... null
10 Mar 2024 21:52:48,199 INFO  org.example.JdbcUtils 31 getNewConnection - user: null
10 Mar 2024 21:52:48,199 INFO  org.example.JdbcUtils 32 getNewConnection - pass: null
10 Mar 2024 21:52:48,203 ERROR org.example.JdbcUtils 41 getNewConnection - java.sql.SQLException: The url cannot be null
10 Mar 2024 21:52:48,203 TRACE org.example.JdbcUtils 57 getConnection - Exit
10 Mar 2024 21:57:20,908 INFO  org.example.CarsDBRepository 19 <init> - Initializing CarsDBRepository with properties: {} 
10 Mar 2024 21:57:20,914 TRACE org.example.CarsDBRepository 124 findAll - Enter
10 Mar 2024 21:57:20,914 TRACE org.example.JdbcUtils 48 getConnection - Enter
10 Mar 2024 21:57:20,914 TRACE org.example.JdbcUtils 25 getNewConnection - Enter
10 Mar 2024 21:57:20,914 INFO  org.example.JdbcUtils 30 getNewConnection - trying to connect to database ... null
10 Mar 2024 21:57:20,914 INFO  org.example.JdbcUtils 31 getNewConnection - user: null
10 Mar 2024 21:57:20,915 INFO  org.example.JdbcUtils 32 getNewConnection - pass: null
10 Mar 2024 21:57:20,917 ERROR org.example.JdbcUtils 41 getNewConnection - java.sql.SQLException: The url cannot be null
10 Mar 2024 21:57:20,918 TRACE org.example.JdbcUtils 57 getConnection - Exit
10 Mar 2024 21:59:11,045 INFO  org.example.CarsDBRepository 19 <init> - Initializing CarsDBRepository with properties: {} 
10 Mar 2024 21:59:11,052 TRACE org.example.CarsDBRepository 124 findAll - Enter
10 Mar 2024 21:59:11,052 TRACE org.example.JdbcUtils 48 getConnection - Enter
10 Mar 2024 21:59:11,052 TRACE org.example.JdbcUtils 25 getNewConnection - Enter
10 Mar 2024 21:59:11,053 INFO  org.example.JdbcUtils 30 getNewConnection - trying to connect to database ... null
10 Mar 2024 21:59:11,053 INFO  org.example.JdbcUtils 31 getNewConnection - user: null
10 Mar 2024 21:59:11,053 INFO  org.example.JdbcUtils 32 getNewConnection - pass: null
10 Mar 2024 21:59:11,056 ERROR org.example.JdbcUtils 41 getNewConnection - java.sql.SQLException: The url cannot be null
10 Mar 2024 21:59:11,057 TRACE org.example.JdbcUtils 57 getConnection - Exit
10 Mar 2024 22:07:50,518 INFO  org.example.CarsDBRepository 19 <init> - Initializing CarsDBRepository with properties: {} 
10 Mar 2024 22:07:50,523 TRACE org.example.CarsDBRepository 124 findAll - Enter
10 Mar 2024 22:07:50,523 TRACE org.example.JdbcUtils 48 getConnection - Enter
10 Mar 2024 22:07:50,524 TRACE org.example.JdbcUtils 25 getNewConnection - Enter
10 Mar 2024 22:07:50,524 INFO  org.example.JdbcUtils 30 getNewConnection - trying to connect to database ... null
10 Mar 2024 22:07:50,524 INFO  org.example.JdbcUtils 31 getNewConnection - user: null
10 Mar 2024 22:07:50,524 INFO  org.example.JdbcUtils 32 getNewConnection - pass: null
10 Mar 2024 22:07:50,526 ERROR org.example.JdbcUtils 41 getNewConnection - java.sql.SQLException: The url cannot be null
10 Mar 2024 22:07:50,527 TRACE org.example.JdbcUtils 57 getConnection - Exit
11 Mar 2024 23:09:12,480 INFO  org.example.CarsDBRepository 19 <init> - Initializing CarsDBRepository with properties: {jdbc.url=jdbc:sqlite:C:\Users\40766\IdeaProjects\teme-lab-stolniceanudenisa\lab1\cars.db} 
11 Mar 2024 23:09:12,485 TRACE org.example.JdbcUtils 48 getConnection - Enter
11 Mar 2024 23:09:12,485 TRACE org.example.JdbcUtils 25 getNewConnection - Enter
11 Mar 2024 23:09:12,485 INFO  org.example.JdbcUtils 30 getNewConnection - trying to connect to database ... jdbc:sqlite:C:\Users\40766\IdeaProjects\teme-lab-stolniceanudenisa\lab1\cars.db
11 Mar 2024 23:09:12,485 INFO  org.example.JdbcUtils 31 getNewConnection - user: null
11 Mar 2024 23:09:12,486 INFO  org.example.JdbcUtils 32 getNewConnection - pass: null
11 Mar 2024 23:09:12,616 TRACE org.example.JdbcUtils 57 getConnection - Exit with(org.sqlite.jdbc4.JDBC4Connection@4681c175)
11 Mar 2024 23:09:12,624 TRACE org.example.CarsDBRepository 148 findAll - Exit with([Id=1 Dacia Sandero 2019, Id=2 Skoda Octavia 2020, Id=3 Opel Corsa 2023, Id=4 Tesla Model S 2019])
11 Mar 2024 23:09:12,624 TRACE org.example.JdbcUtils 48 getConnection - Enter
11 Mar 2024 23:09:12,625 TRACE org.example.JdbcUtils 25 getNewConnection - Enter
11 Mar 2024 23:09:12,625 INFO  org.example.JdbcUtils 30 getNewConnection - trying to connect to database ... jdbc:sqlite:C:\Users\40766\IdeaProjects\teme-lab-stolniceanudenisa\lab1\cars.db
11 Mar 2024 23:09:12,625 INFO  org.example.JdbcUtils 31 getNewConnection - user: null
11 Mar 2024 23:09:12,625 INFO  org.example.JdbcUtils 32 getNewConnection - pass: null
11 Mar 2024 23:09:12,626 TRACE org.example.JdbcUtils 57 getConnection - Exit with(org.sqlite.jdbc4.JDBC4Connection@5ddeb7cb)
11 Mar 2024 23:09:30,709 INFO  org.example.CarsDBRepository 19 <init> - Initializing CarsDBRepository with properties: {jdbc.url=jdbc:sqlite:C:\Users\40766\IdeaProjects\teme-lab-stolniceanudenisa\lab1\cars.db} 
11 Mar 2024 23:09:30,714 TRACE org.example.JdbcUtils 48 getConnection - Enter
11 Mar 2024 23:09:30,714 TRACE org.example.JdbcUtils 25 getNewConnection - Enter
11 Mar 2024 23:09:30,714 INFO  org.example.JdbcUtils 30 getNewConnection - trying to connect to database ... jdbc:sqlite:C:\Users\40766\IdeaProjects\teme-lab-stolniceanudenisa\lab1\cars.db
11 Mar 2024 23:09:30,715 INFO  org.example.JdbcUtils 31 getNewConnection - user: null
11 Mar 2024 23:09:30,715 INFO  org.example.JdbcUtils 32 getNewConnection - pass: null
11 Mar 2024 23:09:30,850 TRACE org.example.JdbcUtils 57 getConnection - Exit with(org.sqlite.jdbc4.JDBC4Connection@4681c175)
11 Mar 2024 23:09:30,856 TRACE org.example.CarsDBRepository 148 findAll - Exit with([Id=1 Dacia Sandero 2019, Id=2 Skoda Octavia 2020, Id=3 Opel Corsa 2023, Id=4 Tesla Model S 2019])
11 Mar 2024 23:09:30,857 TRACE org.example.JdbcUtils 48 getConnection - Enter
11 Mar 2024 23:09:30,857 TRACE org.example.JdbcUtils 25 getNewConnection - Enter
11 Mar 2024 23:09:30,857 INFO  org.example.JdbcUtils 30 getNewConnection - trying to connect to database ... jdbc:sqlite:C:\Users\40766\IdeaProjects\teme-lab-stolniceanudenisa\lab1\cars.db
11 Mar 2024 23:09:30,858 INFO  org.example.JdbcUtils 31 getNewConnection - user: null
11 Mar 2024 23:09:30,858 INFO  org.example.JdbcUtils 32 getNewConnection - pass: null
11 Mar 2024 23:09:30,859 TRACE org.example.JdbcUtils 57 getConnection - Exit with(org.sqlite.jdbc4.JDBC4Connection@5ddeb7cb)
11 Mar 2024 23:10:15,893 INFO  org.example.CarsDBRepository 19 <init> - Initializing CarsDBRepository with properties: {jdbc.url=jdbc:sqlite:C:\Users\40766\IdeaProjects\teme-lab-stolniceanudenisa\lab1\cars.db} 
11 Mar 2024 23:10:15,897 TRACE org.example.JdbcUtils 48 getConnection - Enter
11 Mar 2024 23:10:15,898 TRACE org.example.JdbcUtils 25 getNewConnection - Enter
11 Mar 2024 23:10:15,898 INFO  org.example.JdbcUtils 30 getNewConnection - trying to connect to database ... jdbc:sqlite:C:\Users\40766\IdeaProjects\teme-lab-stolniceanudenisa\lab1\cars.db
11 Mar 2024 23:10:15,898 INFO  org.example.JdbcUtils 31 getNewConnection - user: null
11 Mar 2024 23:10:15,898 INFO  org.example.JdbcUtils 32 getNewConnection - pass: null
11 Mar 2024 23:10:16,053 TRACE org.example.JdbcUtils 57 getConnection - Exit with(org.sqlite.jdbc4.JDBC4Connection@4681c175)
11 Mar 2024 23:10:16,066 TRACE org.example.CarsDBRepository 148 findAll - Exit with([Id=1 Dacia Sandero 2019, Id=2 Skoda Octavia 2020, Id=3 Opel Corsa 2023, Id=4 Tesla Model S 2019])
11 Mar 2024 23:10:16,067 TRACE org.example.JdbcUtils 48 getConnection - Enter
11 Mar 2024 23:10:16,067 TRACE org.example.JdbcUtils 25 getNewConnection - Enter
11 Mar 2024 23:10:16,067 INFO  org.example.JdbcUtils 30 getNewConnection - trying to connect to database ... jdbc:sqlite:C:\Users\40766\IdeaProjects\teme-lab-stolniceanudenisa\lab1\cars.db
11 Mar 2024 23:10:16,068 INFO  org.example.JdbcUtils 31 getNewConnection - user: null
11 Mar 2024 23:10:16,068 INFO  org.example.JdbcUtils 32 getNewConnection - pass: null
11 Mar 2024 23:10:16,069 TRACE org.example.JdbcUtils 57 getConnection - Exit with(org.sqlite.jdbc4.JDBC4Connection@5ddeb7cb)
