10 Mar 2024 22:01:47,587 INFO  org.example.CarsDBRepository 19 <init> - Initializing CarsDBRepository with properties: {} 
10 Mar 2024 22:01:47,595 TRACE org.example.CarsDBRepository 124 findAll - Enter
10 Mar 2024 22:01:47,596 TRACE org.example.JdbcUtils 48 getConnection - Enter
10 Mar 2024 22:01:47,596 TRACE org.example.JdbcUtils 25 getNewConnection - Enter
10 Mar 2024 22:01:47,597 INFO  org.example.JdbcUtils 30 getNewConnection - trying to connect to database ... null
10 Mar 2024 22:01:47,597 INFO  org.example.JdbcUtils 31 getNewConnection - user: null
10 Mar 2024 22:01:47,598 INFO  org.example.JdbcUtils 32 getNewConnection - pass: null
10 Mar 2024 22:01:47,604 ERROR org.example.JdbcUtils 41 getNewConnection - java.sql.SQLException: The url cannot be null
10 Mar 2024 22:01:47,606 TRACE org.example.JdbcUtils 57 getConnection - Exit
10 Mar 2024 22:01:53,280 INFO  org.example.CarsDBRepository 19 <init> - Initializing CarsDBRepository with properties: {} 
10 Mar 2024 22:01:53,286 TRACE org.example.CarsDBRepository 124 findAll - Enter
10 Mar 2024 22:01:53,286 TRACE org.example.JdbcUtils 48 getConnection - Enter
10 Mar 2024 22:01:53,287 TRACE org.example.JdbcUtils 25 getNewConnection - Enter
10 Mar 2024 22:01:53,287 INFO  org.example.JdbcUtils 30 getNewConnection - trying to connect to database ... null
10 Mar 2024 22:01:53,288 INFO  org.example.JdbcUtils 31 getNewConnection - user: null
10 Mar 2024 22:01:53,288 INFO  org.example.JdbcUtils 32 getNewConnection - pass: null
10 Mar 2024 22:01:53,291 ERROR org.example.JdbcUtils 41 getNewConnection - java.sql.SQLException: The url cannot be null
10 Mar 2024 22:01:53,293 TRACE org.example.JdbcUtils 57 getConnection - Exit
10 Mar 2024 22:02:19,043 INFO  org.example.CarsDBRepository 19 <init> - Initializing CarsDBRepository with properties: {} 
10 Mar 2024 22:02:19,049 TRACE org.example.CarsDBRepository 124 findAll - Enter
10 Mar 2024 22:02:19,049 TRACE org.example.JdbcUtils 48 getConnection - Enter
10 Mar 2024 22:02:19,049 TRACE org.example.JdbcUtils 25 getNewConnection - Enter
10 Mar 2024 22:02:19,049 INFO  org.example.JdbcUtils 30 getNewConnection - trying to connect to database ... null
10 Mar 2024 22:02:19,049 INFO  org.example.JdbcUtils 31 getNewConnection - user: null
10 Mar 2024 22:02:19,050 INFO  org.example.JdbcUtils 32 getNewConnection - pass: null
10 Mar 2024 22:02:19,052 ERROR org.example.JdbcUtils 41 getNewConnection - java.sql.SQLException: The url cannot be null
10 Mar 2024 22:02:19,053 TRACE org.example.JdbcUtils 57 getConnection - Exit
